Current task is 10 ...
 
     + + + + + + + + + + + + + + + +
     + RUNNING IN DOUBLE PRECISION +
     + + + + + + + + + + + + + + + +
 
   SETUP OF THE LM
     INITIALIZATIONS 
 
        Info about KIND-parameters:   iintegers / MPI_INT =            4
  1275069467
                                      int_ga    / MPI_INT =            8
  1275070513
     INPUT OF THE NAMELISTS
  *** NOTE: Old 10 digit date format is used
 
 ==== Code information used to build this binary ====
 Binary name .......: lmparbin
 
 Library name ......: lm_f90
 Tag name ..........: V5_4a
 Checkin-Date ......: 2016-05-10 11:13:58
 Code is modified ..: .false.
 Compile-Date ......: 
 Compiled by .......: uschaett
 GRIB_API version ..: 
 
 Current start time : 2016-08-10 10:35
 Running on nodes ..: 
 Data decomposition : 
 ==== End of code information ====
 
     INPUT OF THE NAMELISTS FOR DYNAMICS
   DOMAIN SIZE (approx.) in m: L_x =    1146442.72704784     
                               L_y =    1264887.75422721     
     INPUT OF THE NAMELISTS FOR PHYSICS
  WARNING: *** ltkesso cannot be active, since SSO scheme is not running *** 
   *** Default specifications of soil main levels are used *** 
     INPUT OF THE NAMELISTS FOR DIAGNOSTICS
  WARNING  *** nincgp is set to 1 hour *** 
     INPUT OF THE NAMELISTS FOR GRIB-IO
 
   *** WARNING: Horizontal diffusion specified but lhordiff=F or hd_corr_trcr_xx
 =0***
   (Your specification: itype_diff is not respected for QV)
 
 
   *** WARNING: Horizontal diffusion specified but lhordiff=F or hd_corr_trcr_xx
 =0***
   (Your specification: itype_diff is not respected for QC)
 
     ALLOCATE SPACE
    ALLOCATED constant and external parameter fields:             0
    ALLOCATED prognostic variables and tendencies:                0
    ALLOCATED soil fields:                                        0
    ALLOCATED fields for dynamics/parameterizations:              0
    ALLOCATED fields for model output / diagnostics:              0
    ALLOCATED boundary fields:                                    0
    ALLOCATED additional fields:                                  0
    ALLOCATED tracer fields:             0
   hd_mask - SETUP: i_west  =           21
   hd_mask - SETUP: i_east  =          401
   hd_mask - SETUP: j_south =           21
   hd_mask - SETUP: j_north =          441
 OPEN: grb1-file: 
 /home/scratch/users/stephan.rasp/2016053000/dein//10/laf2016053003
 *------------------------------------------------------------*
 *    PROGRAM TERMINATED BECAUSE OF ERRORS DETECTED
 *              IN ROUTINE:   organize_input           
 *
 *    ERROR CODE is         2014
 *    
 Error opening /home/scratch/users/stephan.rasp/2016053000/dein//10/laf201605300
 3
 *------------------------------------------------------------*
