copen F current process ID: 10642
copen  F Datei /home/scratch/users/stephan.rasp/2016053000/dein//12/laf2016053003 konnte nicht gesperrt werden!
copen F lock process ID: 10642
error 37: No locks available
application called MPI_Abort(MPI_COMM_WORLD, 2014) - process 0
forrtl: error (69): process interrupted (SIGINT)
Image              PC                Routine            Line        Source             
lmparbin           000000000136F475  Unknown               Unknown  Unknown
lmparbin           000000000136D237  Unknown               Unknown  Unknown
lmparbin           0000000001312A14  Unknown               Unknown  Unknown
lmparbin           0000000001312826  Unknown               Unknown  Unknown
lmparbin           00000000012A2226  Unknown               Unknown  Unknown
lmparbin           00000000012A608E  Unknown               Unknown  Unknown
libpthread.so.0    00002AC154F02870  Unknown               Unknown  Unknown
libc.so.6          00002AC15A02FD70  Unknown               Unknown  Unknown
libc.so.6          00002AC15A02FC24  Unknown               Unknown  Unknown
lmparbin           0000000000BECFBB  Unknown               Unknown  Unknown
lmparbin           00000000007B3CD3  Unknown               Unknown  Unknown
lmparbin           0000000000A6ACA8  Unknown               Unknown  Unknown
lmparbin           000000000099EED0  Unknown               Unknown  Unknown
lmparbin           000000000040E7EE  Unknown               Unknown  Unknown
libc.so.6          00002AC159F9AB05  Unknown               Unknown  Unknown
lmparbin           000000000040E6F9  Unknown               Unknown  Unknown
forrtl: error (69): process interrupted (SIGINT)
Image              PC                Routine            Line        Source             
lmparbin           000000000136F475  Unknown               Unknown  Unknown
lmparbin           000000000136D237  Unknown               Unknown  Unknown
lmparbin           0000000001312A14  Unknown               Unknown  Unknown
lmparbin           0000000001312826  Unknown               Unknown  Unknown
lmparbin           00000000012A2226  Unknown               Unknown  Unknown
lmparbin           00000000012A608E  Unknown               Unknown  Unknown
libpthread.so.0    00002B22EFB5D870  Unknown               Unknown  Unknown
libc.so.6          00002B22F4C8AD70  Unknown               Unknown  Unknown
libc.so.6          00002B22F4C8AC24  Unknown               Unknown  Unknown
lmparbin           0000000000BECFBB  Unknown               Unknown  Unknown
lmparbin           00000000007B3CD3  Unknown               Unknown  Unknown
lmparbin           0000000000A6ACA8  Unknown               Unknown  Unknown
lmparbin           000000000099EED0  Unknown               Unknown  Unknown
lmparbin           000000000040E7EE  Unknown               Unknown  Unknown
libc.so.6          00002B22F4BF5B05  Unknown               Unknown  Unknown
lmparbin           000000000040E6F9  Unknown               Unknown  Unknown
forrtl: error (69): process interrupted (SIGINT)
Image              PC                Routine            Line        Source             
lmparbin           000000000136F475  Unknown               Unknown  Unknown
lmparbin           000000000136D237  Unknown               Unknown  Unknown
lmparbin           0000000001312A14  Unknown               Unknown  Unknown
lmparbin           0000000001312826  Unknown               Unknown  Unknown
lmparbin           00000000012A2226  Unknown               Unknown  Unknown
lmparbin           00000000012A608E  Unknown               Unknown  Unknown
libpthread.so.0    00002B5878DD1870  Unknown               Unknown  Unknown
libc.so.6          00002B587DEFED70  Unknown               Unknown  Unknown
libc.so.6          00002B587DEFEC24  Unknown               Unknown  Unknown
lmparbin           0000000000BECFBB  Unknown               Unknown  Unknown
lmparbin           00000000007B3CD3  Unknown               Unknown  Unknown
lmparbin           0000000000A6ACA8  Unknown               Unknown  Unknown
lmparbin           000000000099EED0  Unknown               Unknown  Unknown
lmparbin           000000000040E7EE  Unknown               Unknown  Unknown
libc.so.6          00002B587DE69B05  Unknown               Unknown  Unknown
lmparbin           000000000040E6F9  Unknown               Unknown  Unknown
forrtl: error (69): process interrupted (SIGINT)
Image              PC                Routine            Line        Source             
lmparbin           000000000136F475  Unknown               Unknown  Unknown
lmparbin           000000000136D237  Unknown               Unknown  Unknown
lmparbin           0000000001312A14  Unknown               Unknown  Unknown
lmparbin           0000000001312826  Unknown               Unknown  Unknown
lmparbin           00000000012A2226  Unknown               Unknown  Unknown
lmparbin           00000000012A608E  Unknown               Unknown  Unknown
libpthread.so.0    00002AE038381870  Unknown               Unknown  Unknown
libc.so.6          00002AE03D4AED70  Unknown               Unknown  Unknown
libc.so.6          00002AE03D4AEC24  Unknown               Unknown  Unknown
lmparbin           0000000000BECFBB  Unknown               Unknown  Unknown
lmparbin           00000000007B3CD3  Unknown               Unknown  Unknown
lmparbin           0000000000A6ACA8  Unknown               Unknown  Unknown
lmparbin           000000000099EED0  Unknown               Unknown  Unknown
lmparbin           000000000040E7EE  Unknown               Unknown  Unknown
libc.so.6          00002AE03D419B05  Unknown               Unknown  Unknown
lmparbin           000000000040E6F9  Unknown               Unknown  Unknown
forrtl: error (69): process interrupted (SIGINT)
Image              PC                Routine            Line        Source             
lmparbin           000000000136F475  Unknown               Unknown  Unknown
lmparbin           000000000136D237  Unknown               Unknown  Unknown
lmparbin           0000000001312A14  Unknown               Unknown  Unknown
lmparbin           0000000001312826  Unknown               Unknown  Unknown
lmparbin           00000000012A2226  Unknown               Unknown  Unknown
lmparbin           00000000012A608E  Unknown               Unknown  Unknown
libpthread.so.0    00002B98AE66B870  Unknown               Unknown  Unknown
libc.so.6          00002B98B3798D70  Unknown               Unknown  Unknown
libc.so.6          00002B98B3798C24  Unknown               Unknown  Unknown
lmparbin           0000000000BECFBB  Unknown               Unknown  Unknown
lmparbin           00000000007B3CD3  Unknown               Unknown  Unknown
lmparbin           0000000000A6ACA8  Unknown               Unknown  Unknown
lmparbin           000000000099EED0  Unknown               Unknown  Unknown
lmparbin           000000000040E7EE  Unknown               Unknown  Unknown
libc.so.6          00002B98B3703B05  Unknown               Unknown  Unknown
lmparbin           000000000040E6F9  Unknown               Unknown  Unknown
forrtl: error (69): process interrupted (SIGINT)
Image              PC                Routine            Line        Source             
lmparbin           000000000136F475  Unknown               Unknown  Unknown
lmparbin           000000000136D237  Unknown               Unknown  Unknown
lmparbin           0000000001312A14  Unknown               Unknown  Unknown
lmparbin           0000000001312826  Unknown               Unknown  Unknown
lmparbin           00000000012A2226  Unknown               Unknown  Unknown
lmparbin           00000000012A608E  Unknown               Unknown  Unknown
libpthread.so.0    00002ACCB4FC3870  Unknown               Unknown  Unknown
libc.so.6          00002ACCBA0F0D70  Unknown               Unknown  Unknown
libc.so.6          00002ACCBA0F0C24  Unknown               Unknown  Unknown
lmparbin           0000000000BECFBB  Unknown               Unknown  Unknown
lmparbin           00000000007B3CD3  Unknown               Unknown  Unknown
lmparbin           0000000000A6ACA8  Unknown               Unknown  Unknown
lmparbin           000000000099EED0  Unknown               Unknown  Unknown
lmparbin           000000000040E7EE  Unknown               Unknown  Unknown
libc.so.6          00002ACCBA05BB05  Unknown               Unknown  Unknown
lmparbin           000000000040E6F9  Unknown               Unknown  Unknown
forrtl: error (69): process interrupted (SIGINT)
Image              PC                Routine            Line        Source             
lmparbin           000000000136F475  Unknown               Unknown  Unknown
lmparbin           000000000136D237  Unknown               Unknown  Unknown
lmparbin           0000000001312A14  Unknown               Unknown  Unknown
lmparbin           0000000001312826  Unknown               Unknown  Unknown
lmparbin           00000000012A2226  Unknown               Unknown  Unknown
lmparbin           00000000012A608E  Unknown               Unknown  Unknown
libpthread.so.0    00002BAA5E052870  Unknown               Unknown  Unknown
libc.so.6          00002BAA6317FD70  Unknown               Unknown  Unknown
libc.so.6          00002BAA6317FC24  Unknown               Unknown  Unknown
lmparbin           0000000000BECFBB  Unknown               Unknown  Unknown
lmparbin           00000000007B3CD3  Unknown               Unknown  Unknown
lmparbin           0000000000A6ACA8  Unknown               Unknown  Unknown
lmparbin           000000000099EED0  Unknown               Unknown  Unknown
lmparbin           000000000040E7EE  Unknown               Unknown  Unknown
libc.so.6          00002BAA630EAB05  Unknown               Unknown  Unknown
lmparbin           000000000040E6F9  Unknown               Unknown  Unknown
