copen  F Datei /home/scratch/users/stephan.rasp/2016053000/dein//7/lbff00010000 konnte nicht geoeffnet werden!
error 2: No such file or directory
application called MPI_Abort(MPI_COMM_WORLD, 2014) - process 0
forrtl: error (69): process interrupted (SIGINT)
Image              PC                Routine            Line        Source             
lmparbin           000000000136F475  Unknown               Unknown  Unknown
lmparbin           000000000136D237  Unknown               Unknown  Unknown
lmparbin           0000000001312A14  Unknown               Unknown  Unknown
lmparbin           0000000001312826  Unknown               Unknown  Unknown
lmparbin           00000000012A2226  Unknown               Unknown  Unknown
lmparbin           00000000012A608E  Unknown               Unknown  Unknown
libpthread.so.0    00002AB6D6522870  Unknown               Unknown  Unknown
libc.so.6          00002AB6DB64FD70  Unknown               Unknown  Unknown
libc.so.6          00002AB6DB64FC24  Unknown               Unknown  Unknown
lmparbin           0000000000BECFBB  Unknown               Unknown  Unknown
lmparbin           00000000007B3CD3  Unknown               Unknown  Unknown
lmparbin           0000000000A6B5BB  Unknown               Unknown  Unknown
lmparbin           000000000099EED0  Unknown               Unknown  Unknown
lmparbin           000000000040E7EE  Unknown               Unknown  Unknown
libc.so.6          00002AB6DB5BAB05  Unknown               Unknown  Unknown
lmparbin           000000000040E6F9  Unknown               Unknown  Unknown
forrtl: error (69): process interrupted (SIGINT)
Image              PC                Routine            Line        Source             
lmparbin           000000000136F475  Unknown               Unknown  Unknown
lmparbin           000000000136D237  Unknown               Unknown  Unknown
lmparbin           0000000001312A14  Unknown               Unknown  Unknown
lmparbin           0000000001312826  Unknown               Unknown  Unknown
lmparbin           00000000012A2226  Unknown               Unknown  Unknown
lmparbin           00000000012A608E  Unknown               Unknown  Unknown
libpthread.so.0    00002B28C0242870  Unknown               Unknown  Unknown
libc.so.6          00002B28C536FD70  Unknown               Unknown  Unknown
libc.so.6          00002B28C536FC24  Unknown               Unknown  Unknown
lmparbin           0000000000BECFBB  Unknown               Unknown  Unknown
lmparbin           00000000007B3CD3  Unknown               Unknown  Unknown
lmparbin           0000000000A6B5BB  Unknown               Unknown  Unknown
lmparbin           000000000099EED0  Unknown               Unknown  Unknown
lmparbin           000000000040E7EE  Unknown               Unknown  Unknown
libc.so.6          00002B28C52DAB05  Unknown               Unknown  Unknown
lmparbin           000000000040E6F9  Unknown               Unknown  Unknown
forrtl: error (69): process interrupted (SIGINT)
Image              PC                Routine            Line        Source             
lmparbin           000000000136F475  Unknown               Unknown  Unknown
lmparbin           000000000136D237  Unknown               Unknown  Unknown
lmparbin           0000000001312A14  Unknown               Unknown  Unknown
lmparbin           0000000001312826  Unknown               Unknown  Unknown
lmparbin           00000000012A2226  Unknown               Unknown  Unknown
lmparbin           00000000012A608E  Unknown               Unknown  Unknown
libpthread.so.0    00002AC6D1F60870  Unknown               Unknown  Unknown
libc.so.6          00002AC6D708DD70  Unknown               Unknown  Unknown
libc.so.6          00002AC6D708DC24  Unknown               Unknown  Unknown
lmparbin           0000000000BECFBB  Unknown               Unknown  Unknown
lmparbin           00000000007B3CD3  Unknown               Unknown  Unknown
lmparbin           0000000000A6B5BB  Unknown               Unknown  Unknown
lmparbin           000000000099EED0  Unknown               Unknown  Unknown
lmparbin           000000000040E7EE  Unknown               Unknown  Unknown
libc.so.6          00002AC6D6FF8B05  Unknown               Unknown  Unknown
lmparbin           000000000040E6F9  Unknown               Unknown  Unknown
forrtl: error (69): process interrupted (SIGINT)
Image              PC                Routine            Line        Source             
lmparbin           000000000136F475  Unknown               Unknown  Unknown
lmparbin           000000000136D237  Unknown               Unknown  Unknown
lmparbin           0000000001312A14  Unknown               Unknown  Unknown
lmparbin           0000000001312826  Unknown               Unknown  Unknown
lmparbin           00000000012A2226  Unknown               Unknown  Unknown
lmparbin           00000000012A608E  Unknown               Unknown  Unknown
libpthread.so.0    00002B19F4BE7870  Unknown               Unknown  Unknown
libc.so.6          00002B19F9D14D70  Unknown               Unknown  Unknown
libc.so.6          00002B19F9D14C24  Unknown               Unknown  Unknown
lmparbin           0000000000BECFBB  Unknown               Unknown  Unknown
lmparbin           00000000007B3CD3  Unknown               Unknown  Unknown
lmparbin           0000000000A6B5BB  Unknown               Unknown  Unknown
lmparbin           000000000099EED0  Unknown               Unknown  Unknown
lmparbin           000000000040E7EE  Unknown               Unknown  Unknown
libc.so.6          00002B19F9C7FB05  Unknown               Unknown  Unknown
lmparbin           000000000040E6F9  Unknown               Unknown  Unknown
forrtl: error (69): process interrupted (SIGINT)
Image              PC                Routine            Line        Source             
lmparbin           000000000136F475  Unknown               Unknown  Unknown
lmparbin           000000000136D237  Unknown               Unknown  Unknown
lmparbin           0000000001312A14  Unknown               Unknown  Unknown
lmparbin           0000000001312826  Unknown               Unknown  Unknown
lmparbin           00000000012A2226  Unknown               Unknown  Unknown
lmparbin           00000000012A608E  Unknown               Unknown  Unknown
libpthread.so.0    00002AC60323F870  Unknown               Unknown  Unknown
libc.so.6          00002AC60836CD70  Unknown               Unknown  Unknown
libc.so.6          00002AC60836CC24  Unknown               Unknown  Unknown
lmparbin           0000000000BECFBB  Unknown               Unknown  Unknown
lmparbin           00000000007B3CD3  Unknown               Unknown  Unknown
lmparbin           0000000000A6B5BB  Unknown               Unknown  Unknown
lmparbin           000000000099EED0  Unknown               Unknown  Unknown
lmparbin           000000000040E7EE  Unknown               Unknown  Unknown
libc.so.6          00002AC6082D7B05  Unknown               Unknown  Unknown
lmparbin           000000000040E6F9  Unknown               Unknown  Unknown
forrtl: error (69): process interrupted (SIGINT)
Image              PC                Routine            Line        Source             
lmparbin           000000000136F475  Unknown               Unknown  Unknown
lmparbin           000000000136D237  Unknown               Unknown  Unknown
lmparbin           0000000001312A14  Unknown               Unknown  Unknown
lmparbin           0000000001312826  Unknown               Unknown  Unknown
lmparbin           00000000012A2226  Unknown               Unknown  Unknown
lmparbin           00000000012A608E  Unknown               Unknown  Unknown
libpthread.so.0    00002B5F8AB5F870  Unknown               Unknown  Unknown
libc.so.6          00002B5F8FC8CD70  Unknown               Unknown  Unknown
libc.so.6          00002B5F8FC8CC24  Unknown               Unknown  Unknown
lmparbin           0000000000BECFBB  Unknown               Unknown  Unknown
lmparbin           00000000007B3CD3  Unknown               Unknown  Unknown
lmparbin           0000000000A6B5BB  Unknown               Unknown  Unknown
lmparbin           000000000099EED0  Unknown               Unknown  Unknown
lmparbin           000000000040E7EE  Unknown               Unknown  Unknown
libc.so.6          00002B5F8FBF7B05  Unknown               Unknown  Unknown
lmparbin           000000000040E6F9  Unknown               Unknown  Unknown
forrtl: error (69): process interrupted (SIGINT)
Image              PC                Routine            Line        Source             
lmparbin           000000000136F475  Unknown               Unknown  Unknown
lmparbin           000000000136D237  Unknown               Unknown  Unknown
lmparbin           0000000001312A14  Unknown               Unknown  Unknown
lmparbin           0000000001312826  Unknown               Unknown  Unknown
lmparbin           00000000012A2226  Unknown               Unknown  Unknown
lmparbin           00000000012A608E  Unknown               Unknown  Unknown
libpthread.so.0    00002B7BFFC4B870  Unknown               Unknown  Unknown
libc.so.6          00002B7C04D78D70  Unknown               Unknown  Unknown
libc.so.6          00002B7C04D78C24  Unknown               Unknown  Unknown
lmparbin           0000000000BECFBB  Unknown               Unknown  Unknown
lmparbin           00000000007B3CD3  Unknown               Unknown  Unknown
lmparbin           0000000000A6B5BB  Unknown               Unknown  Unknown
lmparbin           000000000099EED0  Unknown               Unknown  Unknown
lmparbin           000000000040E7EE  Unknown               Unknown  Unknown
libc.so.6          00002B7C04CE3B05  Unknown               Unknown  Unknown
lmparbin           000000000040E6F9  Unknown               Unknown  Unknown
