copen F current process ID: 7594
copen  F Datei /home/scratch/users/stephan.rasp/2016053000/dein//10/laf2016053003 konnte nicht gesperrt werden!
copen F lock process ID: 7594
error 37: No locks available
application called MPI_Abort(MPI_COMM_WORLD, 2014) - process 0
forrtl: error (69): process interrupted (SIGINT)
Image              PC                Routine            Line        Source             
lmparbin           000000000136F475  Unknown               Unknown  Unknown
lmparbin           000000000136D237  Unknown               Unknown  Unknown
lmparbin           0000000001312A14  Unknown               Unknown  Unknown
lmparbin           0000000001312826  Unknown               Unknown  Unknown
lmparbin           00000000012A2226  Unknown               Unknown  Unknown
lmparbin           00000000012A608E  Unknown               Unknown  Unknown
libpthread.so.0    00002ABF512B6870  Unknown               Unknown  Unknown
libc.so.6          00002ABF563E3D70  Unknown               Unknown  Unknown
libc.so.6          00002ABF563E3C24  Unknown               Unknown  Unknown
lmparbin           0000000000BECFBB  Unknown               Unknown  Unknown
lmparbin           00000000007B3CD3  Unknown               Unknown  Unknown
lmparbin           0000000000A6ACA8  Unknown               Unknown  Unknown
lmparbin           000000000099EED0  Unknown               Unknown  Unknown
lmparbin           000000000040E7EE  Unknown               Unknown  Unknown
libc.so.6          00002ABF5634EB05  Unknown               Unknown  Unknown
lmparbin           000000000040E6F9  Unknown               Unknown  Unknown
forrtl: error (69): process interrupted (SIGINT)
Image              PC                Routine            Line        Source             
lmparbin           000000000136F475  Unknown               Unknown  Unknown
lmparbin           000000000136D237  Unknown               Unknown  Unknown
lmparbin           0000000001312A14  Unknown               Unknown  Unknown
lmparbin           0000000001312826  Unknown               Unknown  Unknown
lmparbin           00000000012A2226  Unknown               Unknown  Unknown
lmparbin           00000000012A608E  Unknown               Unknown  Unknown
libpthread.so.0    00002B292E81E870  Unknown               Unknown  Unknown
libc.so.6          00002B293394BD70  Unknown               Unknown  Unknown
libc.so.6          00002B293394BC24  Unknown               Unknown  Unknown
lmparbin           0000000000BECFBB  Unknown               Unknown  Unknown
lmparbin           00000000007B3CD3  Unknown               Unknown  Unknown
lmparbin           0000000000A6ACA8  Unknown               Unknown  Unknown
lmparbin           000000000099EED0  Unknown               Unknown  Unknown
lmparbin           000000000040E7EE  Unknown               Unknown  Unknown
libc.so.6          00002B29338B6B05  Unknown               Unknown  Unknown
lmparbin           000000000040E6F9  Unknown               Unknown  Unknown
forrtl: error (69): process interrupted (SIGINT)
Image              PC                Routine            Line        Source             
lmparbin           000000000136F475  Unknown               Unknown  Unknown
lmparbin           000000000136D237  Unknown               Unknown  Unknown
lmparbin           0000000001312A14  Unknown               Unknown  Unknown
lmparbin           0000000001312826  Unknown               Unknown  Unknown
lmparbin           00000000012A2226  Unknown               Unknown  Unknown
lmparbin           00000000012A608E  Unknown               Unknown  Unknown
libpthread.so.0    00002BA7AA207870  Unknown               Unknown  Unknown
libc.so.6          00002BA7AF334D70  Unknown               Unknown  Unknown
libc.so.6          00002BA7AF334C24  Unknown               Unknown  Unknown
lmparbin           0000000000BECFBB  Unknown               Unknown  Unknown
lmparbin           00000000007B3CD3  Unknown               Unknown  Unknown
lmparbin           0000000000A6ACA8  Unknown               Unknown  Unknown
lmparbin           000000000099EED0  Unknown               Unknown  Unknown
lmparbin           000000000040E7EE  Unknown               Unknown  Unknown
libc.so.6          00002BA7AF29FB05  Unknown               Unknown  Unknown
lmparbin           000000000040E6F9  Unknown               Unknown  Unknown
forrtl: error (69): process interrupted (SIGINT)
Image              PC                Routine            Line        Source             
lmparbin           000000000136F475  Unknown               Unknown  Unknown
lmparbin           000000000136D237  Unknown               Unknown  Unknown
lmparbin           0000000001312A14  Unknown               Unknown  Unknown
lmparbin           0000000001312826  Unknown               Unknown  Unknown
lmparbin           00000000012A2226  Unknown               Unknown  Unknown
lmparbin           00000000012A608E  Unknown               Unknown  Unknown
libpthread.so.0    00002AFFA2142870  Unknown               Unknown  Unknown
libc.so.6          00002AFFA726FD70  Unknown               Unknown  Unknown
libc.so.6          00002AFFA726FC24  Unknown               Unknown  Unknown
lmparbin           0000000000BECFBB  Unknown               Unknown  Unknown
lmparbin           00000000007B3CD3  Unknown               Unknown  Unknown
lmparbin           0000000000A6ACA8  Unknown               Unknown  Unknown
lmparbin           000000000099EED0  Unknown               Unknown  Unknown
lmparbin           000000000040E7EE  Unknown               Unknown  Unknown
libc.so.6          00002AFFA71DAB05  Unknown               Unknown  Unknown
lmparbin           000000000040E6F9  Unknown               Unknown  Unknown
forrtl: error (69): process interrupted (SIGINT)
Image              PC                Routine            Line        Source             
lmparbin           000000000136F475  Unknown               Unknown  Unknown
lmparbin           000000000136D237  Unknown               Unknown  Unknown
lmparbin           0000000001312A14  Unknown               Unknown  Unknown
lmparbin           0000000001312826  Unknown               Unknown  Unknown
lmparbin           00000000012A2226  Unknown               Unknown  Unknown
lmparbin           00000000012A608E  Unknown               Unknown  Unknown
libpthread.so.0    00002B9278ECF870  Unknown               Unknown  Unknown
libc.so.6          00002B927DFFCD70  Unknown               Unknown  Unknown
libc.so.6          00002B927DFFCC24  Unknown               Unknown  Unknown
lmparbin           0000000000BECFBB  Unknown               Unknown  Unknown
lmparbin           00000000007B3CD3  Unknown               Unknown  Unknown
lmparbin           0000000000A6ACA8  Unknown               Unknown  Unknown
lmparbin           000000000099EED0  Unknown               Unknown  Unknown
lmparbin           000000000040E7EE  Unknown               Unknown  Unknown
libc.so.6          00002B927DF67B05  Unknown               Unknown  Unknown
lmparbin           000000000040E6F9  Unknown               Unknown  Unknown
forrtl: error (69): process interrupted (SIGINT)
Image              PC                Routine            Line        Source             
lmparbin           000000000136F475  Unknown               Unknown  Unknown
lmparbin           000000000136D237  Unknown               Unknown  Unknown
lmparbin           0000000001312A14  Unknown               Unknown  Unknown
lmparbin           0000000001312826  Unknown               Unknown  Unknown
lmparbin           00000000012A2226  Unknown               Unknown  Unknown
lmparbin           00000000012A608E  Unknown               Unknown  Unknown
libpthread.so.0    00002B0DD2AF0870  Unknown               Unknown  Unknown
libc.so.6          00002B0DD7C1DD70  Unknown               Unknown  Unknown
libc.so.6          00002B0DD7C1DC24  Unknown               Unknown  Unknown
lmparbin           0000000000BECFBB  Unknown               Unknown  Unknown
lmparbin           00000000007B3CD3  Unknown               Unknown  Unknown
lmparbin           0000000000A6ACA8  Unknown               Unknown  Unknown
lmparbin           000000000099EED0  Unknown               Unknown  Unknown
lmparbin           000000000040E7EE  Unknown               Unknown  Unknown
libc.so.6          00002B0DD7B88B05  Unknown               Unknown  Unknown
lmparbin           000000000040E6F9  Unknown               Unknown  Unknown
forrtl: error (69): process interrupted (SIGINT)
Image              PC                Routine            Line        Source             
lmparbin           000000000136F475  Unknown               Unknown  Unknown
lmparbin           000000000136D237  Unknown               Unknown  Unknown
lmparbin           0000000001312A14  Unknown               Unknown  Unknown
lmparbin           0000000001312826  Unknown               Unknown  Unknown
lmparbin           00000000012A2226  Unknown               Unknown  Unknown
lmparbin           00000000012A608E  Unknown               Unknown  Unknown
libpthread.so.0    00002B54A6625870  Unknown               Unknown  Unknown
libc.so.6          00002B54AB752D70  Unknown               Unknown  Unknown
libc.so.6          00002B54AB752C24  Unknown               Unknown  Unknown
lmparbin           0000000000BECFBB  Unknown               Unknown  Unknown
lmparbin           00000000007B3CD3  Unknown               Unknown  Unknown
lmparbin           0000000000A6ACA8  Unknown               Unknown  Unknown
lmparbin           000000000099EED0  Unknown               Unknown  Unknown
lmparbin           000000000040E7EE  Unknown               Unknown  Unknown
libc.so.6          00002B54AB6BDB05  Unknown               Unknown  Unknown
lmparbin           000000000040E6F9  Unknown               Unknown  Unknown
