copen  F Datei /home/scratch/users/stephan.rasp/2016053000/dein//4/lbff00010000 konnte nicht geoeffnet werden!
error 2: No such file or directory
application called MPI_Abort(MPI_COMM_WORLD, 2014) - process 0
forrtl: error (69): process interrupted (SIGINT)
Image              PC                Routine            Line        Source             
lmparbin           000000000136F475  Unknown               Unknown  Unknown
lmparbin           000000000136D237  Unknown               Unknown  Unknown
lmparbin           0000000001312A14  Unknown               Unknown  Unknown
lmparbin           0000000001312826  Unknown               Unknown  Unknown
lmparbin           00000000012A2226  Unknown               Unknown  Unknown
lmparbin           00000000012A608E  Unknown               Unknown  Unknown
libpthread.so.0    00002B969070D870  Unknown               Unknown  Unknown
libc.so.6          00002B969583AD70  Unknown               Unknown  Unknown
libc.so.6          00002B969583AC24  Unknown               Unknown  Unknown
lmparbin           0000000000BECFBB  Unknown               Unknown  Unknown
lmparbin           00000000007B3CD3  Unknown               Unknown  Unknown
lmparbin           0000000000A6B5BB  Unknown               Unknown  Unknown
lmparbin           000000000099EED0  Unknown               Unknown  Unknown
lmparbin           000000000040E7EE  Unknown               Unknown  Unknown
libc.so.6          00002B96957A5B05  Unknown               Unknown  Unknown
lmparbin           000000000040E6F9  Unknown               Unknown  Unknown
forrtl: error (69): process interrupted (SIGINT)
Image              PC                Routine            Line        Source             
lmparbin           000000000136F475  Unknown               Unknown  Unknown
lmparbin           000000000136D237  Unknown               Unknown  Unknown
lmparbin           0000000001312A14  Unknown               Unknown  Unknown
lmparbin           0000000001312826  Unknown               Unknown  Unknown
lmparbin           00000000012A2226  Unknown               Unknown  Unknown
lmparbin           00000000012A608E  Unknown               Unknown  Unknown
libpthread.so.0    00002ACD943BE870  Unknown               Unknown  Unknown
libc.so.6          00002ACD994EBD70  Unknown               Unknown  Unknown
libc.so.6          00002ACD994EBC24  Unknown               Unknown  Unknown
lmparbin           0000000000BECFBB  Unknown               Unknown  Unknown
lmparbin           00000000007B3CD3  Unknown               Unknown  Unknown
lmparbin           0000000000A6B5BB  Unknown               Unknown  Unknown
lmparbin           000000000099EED0  Unknown               Unknown  Unknown
lmparbin           000000000040E7EE  Unknown               Unknown  Unknown
libc.so.6          00002ACD99456B05  Unknown               Unknown  Unknown
lmparbin           000000000040E6F9  Unknown               Unknown  Unknown
forrtl: error (69): process interrupted (SIGINT)
Image              PC                Routine            Line        Source             
lmparbin           000000000136F475  Unknown               Unknown  Unknown
lmparbin           000000000136D237  Unknown               Unknown  Unknown
lmparbin           0000000001312A14  Unknown               Unknown  Unknown
lmparbin           0000000001312826  Unknown               Unknown  Unknown
lmparbin           00000000012A2226  Unknown               Unknown  Unknown
lmparbin           00000000012A608E  Unknown               Unknown  Unknown
libpthread.so.0    00002B266E527870  Unknown               Unknown  Unknown
libc.so.6          00002B2673654D70  Unknown               Unknown  Unknown
libc.so.6          00002B2673654C24  Unknown               Unknown  Unknown
lmparbin           0000000000BECFBB  Unknown               Unknown  Unknown
lmparbin           00000000007B3CD3  Unknown               Unknown  Unknown
lmparbin           0000000000A6B5BB  Unknown               Unknown  Unknown
lmparbin           000000000099EED0  Unknown               Unknown  Unknown
lmparbin           000000000040E7EE  Unknown               Unknown  Unknown
libc.so.6          00002B26735BFB05  Unknown               Unknown  Unknown
lmparbin           000000000040E6F9  Unknown               Unknown  Unknown
forrtl: error (69): process interrupted (SIGINT)
Image              PC                Routine            Line        Source             
lmparbin           000000000136F475  Unknown               Unknown  Unknown
lmparbin           000000000136D237  Unknown               Unknown  Unknown
lmparbin           0000000001312A14  Unknown               Unknown  Unknown
lmparbin           0000000001312826  Unknown               Unknown  Unknown
lmparbin           00000000012A2226  Unknown               Unknown  Unknown
lmparbin           00000000012A608E  Unknown               Unknown  Unknown
libpthread.so.0    00002B4383190870  Unknown               Unknown  Unknown
libc.so.6          00002B43882BDD70  Unknown               Unknown  Unknown
libc.so.6          00002B43882BDC24  Unknown               Unknown  Unknown
lmparbin           0000000000BECFBB  Unknown               Unknown  Unknown
lmparbin           00000000007B3CD3  Unknown               Unknown  Unknown
lmparbin           0000000000A6B5BB  Unknown               Unknown  Unknown
lmparbin           000000000099EED0  Unknown               Unknown  Unknown
lmparbin           000000000040E7EE  Unknown               Unknown  Unknown
libc.so.6          00002B4388228B05  Unknown               Unknown  Unknown
lmparbin           000000000040E6F9  Unknown               Unknown  Unknown
forrtl: error (69): process interrupted (SIGINT)
Image              PC                Routine            Line        Source             
lmparbin           000000000136F475  Unknown               Unknown  Unknown
lmparbin           000000000136D237  Unknown               Unknown  Unknown
lmparbin           0000000001312A14  Unknown               Unknown  Unknown
lmparbin           0000000001312826  Unknown               Unknown  Unknown
lmparbin           00000000012A2226  Unknown               Unknown  Unknown
lmparbin           00000000012A608E  Unknown               Unknown  Unknown
libpthread.so.0    00002AE871A45870  Unknown               Unknown  Unknown
libc.so.6          00002AE876B72D70  Unknown               Unknown  Unknown
libc.so.6          00002AE876B72C24  Unknown               Unknown  Unknown
lmparbin           0000000000BECFBB  Unknown               Unknown  Unknown
lmparbin           00000000007B3CD3  Unknown               Unknown  Unknown
lmparbin           0000000000A6B5BB  Unknown               Unknown  Unknown
lmparbin           000000000099EED0  Unknown               Unknown  Unknown
lmparbin           000000000040E7EE  Unknown               Unknown  Unknown
libc.so.6          00002AE876ADDB05  Unknown               Unknown  Unknown
lmparbin           000000000040E6F9  Unknown               Unknown  Unknown
forrtl: error (69): process interrupted (SIGINT)
Image              PC                Routine            Line        Source             
lmparbin           000000000136F475  Unknown               Unknown  Unknown
lmparbin           000000000136D237  Unknown               Unknown  Unknown
lmparbin           0000000001312A14  Unknown               Unknown  Unknown
lmparbin           0000000001312826  Unknown               Unknown  Unknown
lmparbin           00000000012A2226  Unknown               Unknown  Unknown
lmparbin           00000000012A608E  Unknown               Unknown  Unknown
libpthread.so.0    00002B59DEE20870  Unknown               Unknown  Unknown
libc.so.6          00002B59E3F4DD70  Unknown               Unknown  Unknown
libc.so.6          00002B59E3F4DC24  Unknown               Unknown  Unknown
lmparbin           0000000000BECFBB  Unknown               Unknown  Unknown
lmparbin           00000000007B3CD3  Unknown               Unknown  Unknown
lmparbin           0000000000A6B5BB  Unknown               Unknown  Unknown
lmparbin           000000000099EED0  Unknown               Unknown  Unknown
lmparbin           000000000040E7EE  Unknown               Unknown  Unknown
libc.so.6          00002B59E3EB8B05  Unknown               Unknown  Unknown
lmparbin           000000000040E6F9  Unknown               Unknown  Unknown
forrtl: error (69): process interrupted (SIGINT)
Image              PC                Routine            Line        Source             
lmparbin           000000000136F475  Unknown               Unknown  Unknown
lmparbin           000000000136D237  Unknown               Unknown  Unknown
lmparbin           0000000001312A14  Unknown               Unknown  Unknown
lmparbin           0000000001312826  Unknown               Unknown  Unknown
lmparbin           00000000012A2226  Unknown               Unknown  Unknown
lmparbin           00000000012A608E  Unknown               Unknown  Unknown
libpthread.so.0    00002B9E6CAB5870  Unknown               Unknown  Unknown
libc.so.6          00002B9E71BE2D70  Unknown               Unknown  Unknown
libc.so.6          00002B9E71BE2C24  Unknown               Unknown  Unknown
lmparbin           0000000000BECFBB  Unknown               Unknown  Unknown
lmparbin           00000000007B3CD3  Unknown               Unknown  Unknown
lmparbin           0000000000A6B5BB  Unknown               Unknown  Unknown
lmparbin           000000000099EED0  Unknown               Unknown  Unknown
lmparbin           000000000040E7EE  Unknown               Unknown  Unknown
libc.so.6          00002B9E71B4DB05  Unknown               Unknown  Unknown
lmparbin           000000000040E6F9  Unknown               Unknown  Unknown
