slurmstepd: error: *** JOB 56596 ON lx015 CANCELLED AT 2016-08-04T00:54:56 DUE TO TIME LIMIT ***
slurmstepd: error: *** STEP 56596.0 ON lx015 CANCELLED AT 2016-08-04T00:54:56 DUE TO TIME LIMIT ***
srun: got SIGCONT
srun: forcing job termination
srun: Job step aborted: Waiting up to 32 seconds for job step to finish.
forrtl: error (78): process killed (SIGTERM)
Image              PC                Routine            Line        Source             
lmparbin           000000000136F475  Unknown               Unknown  Unknown
lmparbin           000000000136D237  Unknown               Unknown  Unknown
lmparbin           0000000001312A14  Unknown               Unknown  Unknown
lmparbin           0000000001312826  Unknown               Unknown  Unknown
lmparbin           00000000012A2226  Unknown               Unknown  Unknown
lmparbin           00000000012A580E  Unknown               Unknown  Unknown
libpthread.so.0    00002B45FA84B870  Unknown               Unknown  Unknown
libmpi.so.12       00002B45F9D8AFFA  Unknown               Unknown  Unknown
libmpi.so.12       00002B45F9FE3832  Unknown               Unknown  Unknown
libmpifort.so.12   00002B45F9A0451B  Unknown               Unknown  Unknown
lmparbin           0000000000BDAE33  Unknown               Unknown  Unknown
lmparbin           00000000010203CC  Unknown               Unknown  Unknown
lmparbin           0000000000AA763A  Unknown               Unknown  Unknown
lmparbin           0000000000C30CA5  Unknown               Unknown  Unknown
lmparbin           000000000099F7DA  Unknown               Unknown  Unknown
lmparbin           000000000040E7EE  Unknown               Unknown  Unknown
libc.so.6          00002B45FF8E3B05  Unknown               Unknown  Unknown
lmparbin           000000000040E6F9  Unknown               Unknown  Unknown
forrtl: error (78): process killed (SIGTERM)
Image              PC                Routine            Line        Source             
lmparbin           000000000136F475  Unknown               Unknown  Unknown
lmparbin           000000000136D237  Unknown               Unknown  Unknown
lmparbin           0000000001312A14  Unknown               Unknown  Unknown
lmparbin           0000000001312826  Unknown               Unknown  Unknown
lmparbin           00000000012A2226  Unknown               Unknown  Unknown
lmparbin           00000000012A580E  Unknown               Unknown  Unknown
libpthread.so.0    00002B6671387870  Unknown               Unknown  Unknown
libmpi.so.12       00002B66708C6C11  Unknown               Unknown  Unknown
libmpi.so.12       00002B6670B1F832  Unknown               Unknown  Unknown
libmpifort.so.12   00002B667054051B  Unknown               Unknown  Unknown
lmparbin           0000000000BDA9FC  Unknown               Unknown  Unknown
lmparbin           00000000010203CC  Unknown               Unknown  Unknown
lmparbin           0000000000AA763A  Unknown               Unknown  Unknown
lmparbin           0000000000C30CA5  Unknown               Unknown  Unknown
lmparbin           000000000099F7DA  Unknown               Unknown  Unknown
lmparbin           000000000040E7EE  Unknown               Unknown  Unknown
libc.so.6          00002B667641FB05  Unknown               Unknown  Unknown
lmparbin           000000000040E6F9  Unknown               Unknown  Unknown
forrtl: error (78): process killed (SIGTERM)
Image              PC                Routine            Line        Source             
lmparbin           000000000136F475  Unknown               Unknown  Unknown
lmparbin           000000000136D237  Unknown               Unknown  Unknown
lmparbin           0000000001312A14  Unknown               Unknown  Unknown
lmparbin           0000000001312826  Unknown               Unknown  Unknown
lmparbin           00000000012A2226  Unknown               Unknown  Unknown
lmparbin           00000000012A580E  Unknown               Unknown  Unknown
libpthread.so.0    00002B4B31367870  Unknown               Unknown  Unknown
lmparbin           000000000102CA9E  Unknown               Unknown  Unknown
lmparbin           0000000000AA763A  Unknown               Unknown  Unknown
lmparbin           0000000000C30CA5  Unknown               Unknown  Unknown
lmparbin           000000000099F7DA  Unknown               Unknown  Unknown
lmparbin           000000000040E7EE  Unknown               Unknown  Unknown
libc.so.6          00002B4B363FFB05  Unknown               Unknown  Unknown
lmparbin           000000000040E6F9  Unknown               Unknown  Unknown
forrtl: error (78): process killed (SIGTERM)
Image              PC                Routine            Line        Source             
lmparbin           000000000136F475  Unknown               Unknown  Unknown
lmparbin           000000000136D237  Unknown               Unknown  Unknown
lmparbin           0000000001312A14  Unknown               Unknown  Unknown
lmparbin           0000000001312826  Unknown               Unknown  Unknown
lmparbin           00000000012A2226  Unknown               Unknown  Unknown
lmparbin           00000000012A580E  Unknown               Unknown  Unknown
libpthread.so.0    00002AE1E13C4870  Unknown               Unknown  Unknown
libmpi.so.12       00002AE1E090962A  Unknown               Unknown  Unknown
libmpi.so.12       00002AE1E0903C4A  Unknown               Unknown  Unknown
libmpi.so.12       00002AE1E0B5C832  Unknown               Unknown  Unknown
libmpifort.so.12   00002AE1E057D51B  Unknown               Unknown  Unknown
lmparbin           0000000000BDA9FC  Unknown               Unknown  Unknown
lmparbin           00000000010203CC  Unknown               Unknown  Unknown
lmparbin           0000000000AA763A  Unknown               Unknown  Unknown
lmparbin           0000000000C30CA5  Unknown               Unknown  Unknown
lmparbin           000000000099F7DA  Unknown               Unknown  Unknown
lmparbin           000000000040E7EE  Unknown               Unknown  Unknown
libc.so.6          00002AE1E645CB05  Unknown               Unknown  Unknown
lmparbin           000000000040E6F9  Unknown               Unknown  Unknown
forrtl: error (78): process killed (SIGTERM)
Image              PC                Routine            Line        Source             
lmparbin           000000000136F475  Unknown               Unknown  Unknown
lmparbin           000000000136D237  Unknown               Unknown  Unknown
lmparbin           0000000001312A14  Unknown               Unknown  Unknown
lmparbin           0000000001312826  Unknown               Unknown  Unknown
lmparbin           00000000012A2226  Unknown               Unknown  Unknown
lmparbin           00000000012A580E  Unknown               Unknown  Unknown
libpthread.so.0    00002AFF65016870  Unknown               Unknown  Unknown
lmparbin           0000000001028F09  Unknown               Unknown  Unknown
lmparbin           0000000000AA763A  Unknown               Unknown  Unknown
lmparbin           0000000000C30CA5  Unknown               Unknown  Unknown
lmparbin           000000000099F7DA  Unknown               Unknown  Unknown
lmparbin           000000000040E7EE  Unknown               Unknown  Unknown
libc.so.6          00002AFF6A0AEB05  Unknown               Unknown  Unknown
lmparbin           000000000040E6F9  Unknown               Unknown  Unknown
forrtl: error (78): process killed (SIGTERM)
Image              PC                Routine            Line        Source             
lmparbin           000000000136F475  Unknown               Unknown  Unknown
lmparbin           000000000136D237  Unknown               Unknown  Unknown
lmparbin           0000000001312A14  Unknown               Unknown  Unknown
lmparbin           0000000001312826  Unknown               Unknown  Unknown
lmparbin           00000000012A2226  Unknown               Unknown  Unknown
lmparbin           00000000012A580E  Unknown               Unknown  Unknown
libpthread.so.0    00002AB545C61870  Unknown               Unknown  Unknown
libmpi.so.12       00002AB5451A6614  Unknown               Unknown  Unknown
libmpi.so.12       00002AB5451A0C4A  Unknown               Unknown  Unknown
libmpi.so.12       00002AB5453F9832  Unknown               Unknown  Unknown
libmpifort.so.12   00002AB544E1A51B  Unknown               Unknown  Unknown
lmparbin           0000000000BDAE33  Unknown               Unknown  Unknown
lmparbin           00000000010203CC  Unknown               Unknown  Unknown
lmparbin           0000000000AA763A  Unknown               Unknown  Unknown
lmparbin           0000000000C30CA5  Unknown               Unknown  Unknown
lmparbin           000000000099F7DA  Unknown               Unknown  Unknown
lmparbin           000000000040E7EE  Unknown               Unknown  Unknown
libc.so.6          00002AB54ACF9B05  Unknown               Unknown  Unknown
lmparbin           000000000040E6F9  Unknown               Unknown  Unknown
forrtl: error (78): process killed (SIGTERM)
Image              PC                Routine            Line        Source             
lmparbin           000000000136F475  Unknown               Unknown  Unknown
lmparbin           000000000136D237  Unknown               Unknown  Unknown
lmparbin           0000000001312A14  Unknown               Unknown  Unknown
lmparbin           0000000001312826  Unknown               Unknown  Unknown
lmparbin           00000000012A2226  Unknown               Unknown  Unknown
lmparbin           00000000012A580E  Unknown               Unknown  Unknown
libpthread.so.0    00002BA3AD2A4870  Unknown               Unknown  Unknown
lmparbin           0000000001029150  Unknown               Unknown  Unknown
lmparbin           0000000000AA763A  Unknown               Unknown  Unknown
lmparbin           0000000000C30CA5  Unknown               Unknown  Unknown
lmparbin           000000000099F7DA  Unknown               Unknown  Unknown
lmparbin           000000000040E7EE  Unknown               Unknown  Unknown
libc.so.6          00002BA3B233CB05  Unknown               Unknown  Unknown
lmparbin           000000000040E6F9  Unknown               Unknown  Unknown
forrtl: error (78): process killed (SIGTERM)
Image              PC                Routine            Line        Source             
lmparbin           000000000136F475  Unknown               Unknown  Unknown
lmparbin           000000000136D237  Unknown               Unknown  Unknown
lmparbin           0000000001312A14  Unknown               Unknown  Unknown
lmparbin           0000000001312826  Unknown               Unknown  Unknown
lmparbin           00000000012A2226  Unknown               Unknown  Unknown
lmparbin           00000000012A580E  Unknown               Unknown  Unknown
libpthread.so.0    00002ADFEBDB9870  Unknown               Unknown  Unknown
lmparbin           0000000001028DB4  Unknown               Unknown  Unknown
lmparbin           0000000000AA763A  Unknown               Unknown  Unknown
lmparbin           0000000000C30CA5  Unknown               Unknown  Unknown
lmparbin           000000000099F7DA  Unknown               Unknown  Unknown
lmparbin           000000000040E7EE  Unknown               Unknown  Unknown
libc.so.6          00002ADFF0E51B05  Unknown               Unknown  Unknown
lmparbin           000000000040E6F9  Unknown               Unknown  Unknown
