slurmstepd: error: *** STEP 56597.0 ON lx015 CANCELLED AT 2016-08-04T00:54:56 DUE TO TIME LIMIT ***
slurmstepd: error: *** JOB 56597 ON lx015 CANCELLED AT 2016-08-04T00:54:56 DUE TO TIME LIMIT ***
srun: got SIGCONT
srun: forcing job termination
srun: Job step aborted: Waiting up to 32 seconds for job step to finish.
forrtl: error (78): process killed (SIGTERM)
Image              PC                Routine            Line        Source             
lmparbin           000000000136F475  Unknown               Unknown  Unknown
lmparbin           000000000136D237  Unknown               Unknown  Unknown
lmparbin           0000000001312A14  Unknown               Unknown  Unknown
lmparbin           0000000001312826  Unknown               Unknown  Unknown
lmparbin           00000000012A2226  Unknown               Unknown  Unknown
lmparbin           00000000012A580E  Unknown               Unknown  Unknown
libpthread.so.0    00002B2F04185870  Unknown               Unknown  Unknown
lmparbin           00000000011D6BAC  Unknown               Unknown  Unknown
lmparbin           00000000004A1B0B  Unknown               Unknown  Unknown
lmparbin           0000000000AA1DBA  Unknown               Unknown  Unknown
lmparbin           0000000000C30CA5  Unknown               Unknown  Unknown
lmparbin           000000000099F7DA  Unknown               Unknown  Unknown
lmparbin           000000000040E7EE  Unknown               Unknown  Unknown
libc.so.6          00002B2F0921DB05  Unknown               Unknown  Unknown
lmparbin           000000000040E6F9  Unknown               Unknown  Unknown
forrtl: error (78): process killed (SIGTERM)
Image              PC                Routine            Line        Source             
lmparbin           000000000136F475  Unknown               Unknown  Unknown
lmparbin           000000000136D237  Unknown               Unknown  Unknown
lmparbin           0000000001312A14  Unknown               Unknown  Unknown
lmparbin           0000000001312826  Unknown               Unknown  Unknown
lmparbin           00000000012A2226  Unknown               Unknown  Unknown
lmparbin           00000000012A580E  Unknown               Unknown  Unknown
libpthread.so.0    00002AE2E9297870  Unknown               Unknown  Unknown
lmparbin           00000000011D6B36  Unknown               Unknown  Unknown
lmparbin           00000000004A1B0B  Unknown               Unknown  Unknown
lmparbin           0000000000AA1DBA  Unknown               Unknown  Unknown
lmparbin           0000000000C30CA5  Unknown               Unknown  Unknown
lmparbin           000000000099F7DA  Unknown               Unknown  Unknown
lmparbin           000000000040E7EE  Unknown               Unknown  Unknown
libc.so.6          00002AE2EE32FB05  Unknown               Unknown  Unknown
lmparbin           000000000040E6F9  Unknown               Unknown  Unknown
forrtl: error (78): process killed (SIGTERM)
Image              PC                Routine            Line        Source             
lmparbin           000000000136F475  Unknown               Unknown  Unknown
lmparbin           000000000136D237  Unknown               Unknown  Unknown
lmparbin           0000000001312A14  Unknown               Unknown  Unknown
lmparbin           0000000001312826  Unknown               Unknown  Unknown
lmparbin           00000000012A2226  Unknown               Unknown  Unknown
lmparbin           00000000012A580E  Unknown               Unknown  Unknown
libpthread.so.0    00002AE13DF18870  Unknown               Unknown  Unknown
lmparbin           00000000011D6326  Unknown               Unknown  Unknown
lmparbin           00000000004A1B0B  Unknown               Unknown  Unknown
lmparbin           0000000000AA1DBA  Unknown               Unknown  Unknown
lmparbin           0000000000C30CA5  Unknown               Unknown  Unknown
lmparbin           000000000099F7DA  Unknown               Unknown  Unknown
lmparbin           000000000040E7EE  Unknown               Unknown  Unknown
libc.so.6          00002AE142FB0B05  Unknown               Unknown  Unknown
lmparbin           000000000040E6F9  Unknown               Unknown  Unknown
forrtl: error (78): process killed (SIGTERM)
Image              PC                Routine            Line        Source             
lmparbin           000000000136F475  Unknown               Unknown  Unknown
lmparbin           000000000136D237  Unknown               Unknown  Unknown
lmparbin           0000000001312A14  Unknown               Unknown  Unknown
lmparbin           0000000001312826  Unknown               Unknown  Unknown
lmparbin           00000000012A2226  Unknown               Unknown  Unknown
lmparbin           00000000012A580E  Unknown               Unknown  Unknown
libpthread.so.0    00002AB2A7069870  Unknown               Unknown  Unknown
lmparbin           00000000011D625F  Unknown               Unknown  Unknown
lmparbin           00000000004A1B0B  Unknown               Unknown  Unknown
lmparbin           0000000000AA1DBA  Unknown               Unknown  Unknown
lmparbin           0000000000C30CA5  Unknown               Unknown  Unknown
lmparbin           000000000099F7DA  Unknown               Unknown  Unknown
lmparbin           000000000040E7EE  Unknown               Unknown  Unknown
libc.so.6          00002AB2AC101B05  Unknown               Unknown  Unknown
lmparbin           000000000040E6F9  Unknown               Unknown  Unknown
forrtl: error (78): process killed (SIGTERM)
Image              PC                Routine            Line        Source             
lmparbin           000000000136F475  Unknown               Unknown  Unknown
lmparbin           000000000136D237  Unknown               Unknown  Unknown
lmparbin           0000000001312A14  Unknown               Unknown  Unknown
lmparbin           0000000001312826  Unknown               Unknown  Unknown
lmparbin           00000000012A2226  Unknown               Unknown  Unknown
lmparbin           00000000012A580E  Unknown               Unknown  Unknown
libpthread.so.0    00002B1C09477870  Unknown               Unknown  Unknown
lmparbin           00000000011D6995  Unknown               Unknown  Unknown
lmparbin           00000000004A1B0B  Unknown               Unknown  Unknown
lmparbin           0000000000AA1DBA  Unknown               Unknown  Unknown
lmparbin           0000000000C30CA5  Unknown               Unknown  Unknown
lmparbin           000000000099F7DA  Unknown               Unknown  Unknown
lmparbin           000000000040E7EE  Unknown               Unknown  Unknown
libc.so.6          00002B1C0E50FB05  Unknown               Unknown  Unknown
lmparbin           000000000040E6F9  Unknown               Unknown  Unknown
forrtl: error (78): process killed (SIGTERM)
Image              PC                Routine            Line        Source             
lmparbin           000000000136F475  Unknown               Unknown  Unknown
lmparbin           000000000136D237  Unknown               Unknown  Unknown
lmparbin           0000000001312A14  Unknown               Unknown  Unknown
lmparbin           0000000001312826  Unknown               Unknown  Unknown
lmparbin           00000000012A2226  Unknown               Unknown  Unknown
lmparbin           00000000012A580E  Unknown               Unknown  Unknown
libpthread.so.0    00002B59F7E69870  Unknown               Unknown  Unknown
lmparbin           00000000011D6CA3  Unknown               Unknown  Unknown
lmparbin           00000000004A1B0B  Unknown               Unknown  Unknown
lmparbin           0000000000AA1DBA  Unknown               Unknown  Unknown
lmparbin           0000000000C30CA5  Unknown               Unknown  Unknown
lmparbin           000000000099F7DA  Unknown               Unknown  Unknown
lmparbin           000000000040E7EE  Unknown               Unknown  Unknown
libc.so.6          00002B59FCF01B05  Unknown               Unknown  Unknown
lmparbin           000000000040E6F9  Unknown               Unknown  Unknown
forrtl: error (78): process killed (SIGTERM)
Image              PC                Routine            Line        Source             
lmparbin           000000000136F475  Unknown               Unknown  Unknown
lmparbin           000000000136D237  Unknown               Unknown  Unknown
lmparbin           0000000001312A14  Unknown               Unknown  Unknown
lmparbin           0000000001312826  Unknown               Unknown  Unknown
lmparbin           00000000012A2226  Unknown               Unknown  Unknown
lmparbin           00000000012A580E  Unknown               Unknown  Unknown
libpthread.so.0    00002AE6B0EF9870  Unknown               Unknown  Unknown
lmparbin           00000000011D6CA3  Unknown               Unknown  Unknown
lmparbin           00000000004A1B0B  Unknown               Unknown  Unknown
lmparbin           0000000000AA1DBA  Unknown               Unknown  Unknown
lmparbin           0000000000C30CA5  Unknown               Unknown  Unknown
lmparbin           000000000099F7DA  Unknown               Unknown  Unknown
lmparbin           000000000040E7EE  Unknown               Unknown  Unknown
libc.so.6          00002AE6B5F91B05  Unknown               Unknown  Unknown
lmparbin           000000000040E6F9  Unknown               Unknown  Unknown
forrtl: error (78): process killed (SIGTERM)
Image              PC                Routine            Line        Source             
lmparbin           000000000136F475  Unknown               Unknown  Unknown
lmparbin           000000000136D237  Unknown               Unknown  Unknown
lmparbin           0000000001312A14  Unknown               Unknown  Unknown
lmparbin           0000000001312826  Unknown               Unknown  Unknown
lmparbin           00000000012A2226  Unknown               Unknown  Unknown
lmparbin           00000000012A580E  Unknown               Unknown  Unknown
libpthread.so.0    00002B59E9753870  Unknown               Unknown  Unknown
lmparbin           00000000011D62AD  Unknown               Unknown  Unknown
lmparbin           00000000004A1B0B  Unknown               Unknown  Unknown
lmparbin           0000000000AA1DBA  Unknown               Unknown  Unknown
lmparbin           0000000000C30CA5  Unknown               Unknown  Unknown
lmparbin           000000000099F7DA  Unknown               Unknown  Unknown
lmparbin           000000000040E7EE  Unknown               Unknown  Unknown
libc.so.6          00002B59EE7EBB05  Unknown               Unknown  Unknown
lmparbin           000000000040E6F9  Unknown               Unknown  Unknown
