expr: syntax error
My SLURM_ARRAY_TASK_ID: 
[mpiexec@lx002] set_default_values (../../ui/mpich/utils.c:4239): no executable provided
[mpiexec@lx002] HYD_uii_mpx_get_parameters (../../ui/mpich/utils.c:4727): setting default values failed

Usage: ./mpiexec [global opts] [exec1 local opts] : [exec2 local opts] : ...

Global options (passed to all executables):

  Global environment options:
    -genv {name} {value}             environment variable name and value
    -genvlist {env1,env2,...}        environment variable list to pass
    -genvnone                        do not pass any environment variables
    -genvall                         pass all environment variables not managed
                                          by the launcher (default)

  Other global options:
    -f {name} | -hostfile {name}     file containing the host names
    -hosts {host list}               comma separated host list
    -configfile {name}               config file containing MPMD launch options
    -machine {name} | -machinefile {name}
                                     file mapping procs to machines
    -pmi-connect {nocache|lazy-cache|cache}
                                     set the PMI connections mode to use
    -pmi-aggregate                   aggregate PMI messages
    -pmi-noaggregate                 do not  aggregate PMI messages
    -trace {<libraryname>}           trace the application using <libraryname>
                                     profiling library; default is libVT.so
    -check-mpi {<libraryname>}       check the application using <libraryname>
                                     checking library; default is libVTmc.so
    -ilp64                           Preload ilp64 wrapper library for support default size of
                                     integer 8 bytes
    -mps                             start statistics gathering for MPI Performance Snapshot (MPS)
    -trace-pt2pt                     collect information about
                                     Point to Point operations
    -trace-collectives               collect information about
                                     Collective operations
    -tune [<confname>]               apply the tuned data produced by
                                     the MPI Tuner utility
    -use-app-topology <statfile>     perform optimized rank placement based statistics
                                     and cluster topology
    -noconf                          do not use any mpiexec's configuration files
    -branch-count {leaves_num}       set the number of children in tree
    -gwdir {dirname}                 working directory to use
    -gpath {dirname}                 path to executable to use
    -gumask {umask}                  mask to perform umask
    -tmpdir {tmpdir}                 temporary directory for cleanup input file
    -cleanup                         create input file for clean up


Local options (passed to individual executables):

  Local environment options:
    -env {name} {value}              environment variable name and value
    -envlist {env1,env2,...}         environment variable list to pass
    -envnone                         do not pass any environment variables
    -envall                          pass all environment variables (default)

  Other local options:
    -wdir {dirname}                  working directory to use
    -path {dirname}                  path to executable to use
    -umask {umask}                   mask to perform umask
    -n/-np {value}                   number of processes
    {exec_name} {args}               executable name and arguments


Hydra specific options (treated as global):

  Bootstrap options:
    -bootstrap                       bootstrap server to use
     (ssh rsh pdsh fork slurm srun ll llspawn.stdio lsf blaunch sge qrsh persist jmi service pbsdsh)
    -bootstrap-exec                  executable to use to bootstrap processes
    -bootstrap-exec-args             additional options to pass to bootstrap server
    -enable-x/-disable-x             enable or disable X forwarding

  Resource management kernel options:
    -rmk                             resource management kernel to use (user slurm srun ll llspawn.stdio lsf blaunch sge qrsh pbs cobalt)

  Processor topology options:
    -binding                         process-to-core binding mode

  Checkpoint/Restart options:
    -ckpoint {on|off}                enable/disable checkpoints for this run
    -ckpoint-interval                checkpoint interval
    -ckpoint-prefix                  destination for checkpoint files (stable storage, typically a cluster-wide file system)
    -ckpoint-tmp-prefix              temporary/fast/local storage to speed up checkpoints
    -ckpoint-preserve                number of checkpoints to keep (default: 1, i.e. keep only last checkpoint)
    -ckpointlib                      checkpointing library (blcr)
    -ckpoint-logfile                 checkpoint activity/status log file (appended)
    -restart                         restart previously checkpointed application
    -ckpoint-num                     checkpoint number to restart

  Demux engine options:
    -demux                           demux engine (poll select)

  Debugger support options:
    -tv                              run processes under TotalView
    -tva {pid}                       attach existing mpiexec process to TotalView
    -idb                             run processes under IDB
    -idba {pid}                      attach existing mpiexec process to IDB
    -gdb                             run processes under GDB
    -gdba {pid}                      attach existing mpiexec process to GDB
    -gdb-ia                          run processes under Intel IA specific GDB

  Other Hydra options:
    -v | -verbose                    verbose mode
    -info                            build information
    -print-rank-map                  print rank mapping
    -print-all-exitcodes             print exit codes of all processes
    -iface                           network interface to use
    -help                            show this message
    -perhost <n>                     place consecutive <n> processes on each host
    -ppn <n>                         stand for "process per node"; an alias to -perhost <n>
    -grr <n>                         stand for "group round robin"; an alias to -perhost <n>
    -rr                              involve "round robin" startup scheme
    -s <spec>                        redirect stdin to all or 1,2 or 2-4,6 MPI processes (0 by default)
    -ordered-output                  avoid data output intermingling
    -profile                         turn on internal profiling
    -prepend-rank                    prepend rank to output
    -prepend-pattern                 prepend pattern to output
    -outfile-pattern                 direct stdout to file
    -errfile-pattern                 direct stderr to file
    -localhost                       local hostname for the launching node

Intel(R) MPI Library for Linux* OS, Version 5.1.1 Build 20150715 (build id: 12269)
Copyright (C) 2003-2015, Intel Corporation. All rights reserved.
