slurmstepd: error: *** JOB 91233 ON drossel CANCELLED AT 2016-08-10T06:01:55 DUE TO TIME LIMIT ***
slurmstepd: error: *** STEP 91233.0 ON drossel CANCELLED AT 2016-08-10T06:01:55 DUE TO TIME LIMIT ***
srun: Job step aborted: Waiting up to 32 seconds for job step to finish.
srun: got SIGCONT
srun: forcing job termination
forrtl: error (78): process killed (SIGTERM)
Image              PC                Routine            Line        Source             
lmparbin           000000000136F475  Unknown               Unknown  Unknown
lmparbin           000000000136D237  Unknown               Unknown  Unknown
lmparbin           0000000001312A14  Unknown               Unknown  Unknown
lmparbin           0000000001312826  Unknown               Unknown  Unknown
lmparbin           00000000012A2226  Unknown               Unknown  Unknown
lmparbin           00000000012A580E  Unknown               Unknown  Unknown
libpthread.so.0    00002B7B758FA870  Unknown               Unknown  Unknown
libmpi.so.12       00002B7B74E3A362  Unknown               Unknown  Unknown
libmpi.so.12       00002B7B75092832  Unknown               Unknown  Unknown
libmpifort.so.12   00002B7B74AB351B  Unknown               Unknown  Unknown
lmparbin           0000000000BDB266  Unknown               Unknown  Unknown
lmparbin           0000000000A9E509  Unknown               Unknown  Unknown
lmparbin           0000000000C30CA5  Unknown               Unknown  Unknown
lmparbin           000000000099F7DA  Unknown               Unknown  Unknown
lmparbin           000000000040E7EE  Unknown               Unknown  Unknown
libc.so.6          00002B7B7A992B25  Unknown               Unknown  Unknown
lmparbin           000000000040E6F9  Unknown               Unknown  Unknown
forrtl: error (78): process killed (SIGTERM)
Image              PC                Routine            Line        Source             
lmparbin           000000000136F475  Unknown               Unknown  Unknown
lmparbin           000000000136D237  Unknown               Unknown  Unknown
lmparbin           0000000001312A14  Unknown               Unknown  Unknown
lmparbin           0000000001312826  Unknown               Unknown  Unknown
lmparbin           00000000012A2226  Unknown               Unknown  Unknown
lmparbin           00000000012A580E  Unknown               Unknown  Unknown
libpthread.so.0    00002B2B112EC870  Unknown               Unknown  Unknown
libmpi.so.12       00002B2B10831432  Unknown               Unknown  Unknown
libmpi.so.12       00002B2B1082BC4A  Unknown               Unknown  Unknown
libmpi.so.12       00002B2B10A84832  Unknown               Unknown  Unknown
libmpifort.so.12   00002B2B104A551B  Unknown               Unknown  Unknown
lmparbin           0000000000BDB266  Unknown               Unknown  Unknown
lmparbin           0000000000A9E509  Unknown               Unknown  Unknown
lmparbin           0000000000C30CA5  Unknown               Unknown  Unknown
lmparbin           000000000099F7DA  Unknown               Unknown  Unknown
lmparbin           000000000040E7EE  Unknown               Unknown  Unknown
libc.so.6          00002B2B16384B25  Unknown               Unknown  Unknown
lmparbin           000000000040E6F9  Unknown               Unknown  Unknown
forrtl: error (78): process killed (SIGTERM)
Image              PC                Routine            Line        Source             
lmparbin           000000000136F475  Unknown               Unknown  Unknown
lmparbin           000000000136D237  Unknown               Unknown  Unknown
lmparbin           0000000001312A14  Unknown               Unknown  Unknown
lmparbin           0000000001312826  Unknown               Unknown  Unknown
lmparbin           00000000012A2226  Unknown               Unknown  Unknown
lmparbin           00000000012A580E  Unknown               Unknown  Unknown
libpthread.so.0    00002AC297E18870  Unknown               Unknown  Unknown
libc.so.6          00002AC29CF6D273  Unknown               Unknown  Unknown
libmpi.so.12       00002AC2975C2280  Unknown               Unknown  Unknown
libmpi.so.12       00002AC2975C1BBE  Unknown               Unknown  Unknown
libmpi.so.12       00002AC297507BC0  Unknown               Unknown  Unknown
libmpi.so.12       00002AC29735803C  Unknown               Unknown  Unknown
libmpi.so.12       00002AC2975B0832  Unknown               Unknown  Unknown
libmpifort.so.12   00002AC296FD151B  Unknown               Unknown  Unknown
lmparbin           0000000000BDA9FC  Unknown               Unknown  Unknown
lmparbin           0000000000A9E509  Unknown               Unknown  Unknown
lmparbin           0000000000C30CA5  Unknown               Unknown  Unknown
lmparbin           000000000099F7DA  Unknown               Unknown  Unknown
lmparbin           000000000040E7EE  Unknown               Unknown  Unknown
libc.so.6          00002AC29CEB0B25  Unknown               Unknown  Unknown
lmparbin           000000000040E6F9  Unknown               Unknown  Unknown
forrtl: error (78): process killed (SIGTERM)
Image              PC                Routine            Line        Source             
lmparbin           000000000136F475  Unknown               Unknown  Unknown
lmparbin           000000000136D237  Unknown               Unknown  Unknown
lmparbin           0000000001312A14  Unknown               Unknown  Unknown
lmparbin           0000000001312826  Unknown               Unknown  Unknown
lmparbin           00000000012A2226  Unknown               Unknown  Unknown
lmparbin           00000000012A580E  Unknown               Unknown  Unknown
libpthread.so.0    00002B96AF1CE870  Unknown               Unknown  Unknown
libc.so.6          00002B96B4323273  Unknown               Unknown  Unknown
libmpi.so.12       00002B96AE978280  Unknown               Unknown  Unknown
libmpi.so.12       00002B96AE977BBE  Unknown               Unknown  Unknown
libmpi.so.12       00002B96AE8BDBC0  Unknown               Unknown  Unknown
libmpi.so.12       00002B96AE70E03C  Unknown               Unknown  Unknown
libmpi.so.12       00002B96AE966832  Unknown               Unknown  Unknown
libmpifort.so.12   00002B96AE38751B  Unknown               Unknown  Unknown
lmparbin           0000000000BDA9FC  Unknown               Unknown  Unknown
lmparbin           0000000000A9E509  Unknown               Unknown  Unknown
lmparbin           0000000000C30CA5  Unknown               Unknown  Unknown
lmparbin           000000000099F7DA  Unknown               Unknown  Unknown
lmparbin           000000000040E7EE  Unknown               Unknown  Unknown
libc.so.6          00002B96B4266B25  Unknown               Unknown  Unknown
lmparbin           000000000040E6F9  Unknown               Unknown  Unknown
forrtl: error (78): process killed (SIGTERM)
Image              PC                Routine            Line        Source             
lmparbin           000000000136F475  Unknown               Unknown  Unknown
lmparbin           000000000136D237  Unknown               Unknown  Unknown
lmparbin           0000000001312A14  Unknown               Unknown  Unknown
lmparbin           0000000001312826  Unknown               Unknown  Unknown
lmparbin           00000000012A2226  Unknown               Unknown  Unknown
lmparbin           00000000012A580E  Unknown               Unknown  Unknown
libpthread.so.0    00002B6DABB61870  Unknown               Unknown  Unknown
libmpi.so.12       00002B6DAB0A0BFE  Unknown               Unknown  Unknown
libmpi.so.12       00002B6DAB2F9832  Unknown               Unknown  Unknown
libmpifort.so.12   00002B6DAAD1A51B  Unknown               Unknown  Unknown
lmparbin           0000000000BDAE33  Unknown               Unknown  Unknown
lmparbin           0000000000A9E509  Unknown               Unknown  Unknown
lmparbin           0000000000C30CA5  Unknown               Unknown  Unknown
lmparbin           000000000099F7DA  Unknown               Unknown  Unknown
lmparbin           000000000040E7EE  Unknown               Unknown  Unknown
libc.so.6          00002B6DB0BF9B25  Unknown               Unknown  Unknown
lmparbin           000000000040E6F9  Unknown               Unknown  Unknown
forrtl: error (78): process killed (SIGTERM)
Image              PC                Routine            Line        Source             
lmparbin           000000000136F475  Unknown               Unknown  Unknown
lmparbin           000000000136D237  Unknown               Unknown  Unknown
lmparbin           0000000001312A14  Unknown               Unknown  Unknown
lmparbin           0000000001312826  Unknown               Unknown  Unknown
lmparbin           00000000012A2226  Unknown               Unknown  Unknown
lmparbin           00000000012A580E  Unknown               Unknown  Unknown
libpthread.so.0    00002B4B21A00870  Unknown               Unknown  Unknown
libc.so.6          00002B4B26B55273  Unknown               Unknown  Unknown
libmpi.so.12       00002B4B211AA280  Unknown               Unknown  Unknown
libmpi.so.12       00002B4B211A9BBE  Unknown               Unknown  Unknown
libmpi.so.12       00002B4B210EFBC0  Unknown               Unknown  Unknown
libmpi.so.12       00002B4B20F4003C  Unknown               Unknown  Unknown
libmpi.so.12       00002B4B21198832  Unknown               Unknown  Unknown
libmpifort.so.12   00002B4B20BB951B  Unknown               Unknown  Unknown
lmparbin           0000000000BDA9FC  Unknown               Unknown  Unknown
lmparbin           0000000000A9E509  Unknown               Unknown  Unknown
lmparbin           0000000000C30CA5  Unknown               Unknown  Unknown
lmparbin           000000000099F7DA  Unknown               Unknown  Unknown
lmparbin           000000000040E7EE  Unknown               Unknown  Unknown
libc.so.6          00002B4B26A98B25  Unknown               Unknown  Unknown
lmparbin           000000000040E6F9  Unknown               Unknown  Unknown
forrtl: error (78): process killed (SIGTERM)
Image              PC                Routine            Line        Source             
lmparbin           000000000136F475  Unknown               Unknown  Unknown
lmparbin           000000000136D237  Unknown               Unknown  Unknown
lmparbin           0000000001312A14  Unknown               Unknown  Unknown
lmparbin           0000000001312826  Unknown               Unknown  Unknown
lmparbin           00000000012A2226  Unknown               Unknown  Unknown
lmparbin           00000000012A580E  Unknown               Unknown  Unknown
libpthread.so.0    00002B13BBB49870  Unknown               Unknown  Unknown
libc.so.6          00002B13C0C9E273  Unknown               Unknown  Unknown
libmpi.so.12       00002B13BB2F3280  Unknown               Unknown  Unknown
libmpi.so.12       00002B13BB2F2BBE  Unknown               Unknown  Unknown
libmpi.so.12       00002B13BB238BC0  Unknown               Unknown  Unknown
libmpi.so.12       00002B13BB08903C  Unknown               Unknown  Unknown
libmpi.so.12       00002B13BB2E1832  Unknown               Unknown  Unknown
libmpifort.so.12   00002B13BAD0251B  Unknown               Unknown  Unknown
lmparbin           0000000000BDA9FC  Unknown               Unknown  Unknown
lmparbin           0000000000A9E509  Unknown               Unknown  Unknown
lmparbin           0000000000C30CA5  Unknown               Unknown  Unknown
lmparbin           000000000099F7DA  Unknown               Unknown  Unknown
lmparbin           000000000040E7EE  Unknown               Unknown  Unknown
libc.so.6          00002B13C0BE1B25  Unknown               Unknown  Unknown
lmparbin           000000000040E6F9  Unknown               Unknown  Unknown
forrtl: error (78): process killed (SIGTERM)
Image              PC                Routine            Line        Source             
lmparbin           000000000136F475  Unknown               Unknown  Unknown
lmparbin           000000000136D237  Unknown               Unknown  Unknown
lmparbin           0000000001312A14  Unknown               Unknown  Unknown
lmparbin           0000000001312826  Unknown               Unknown  Unknown
lmparbin           00000000012A2226  Unknown               Unknown  Unknown
lmparbin           00000000012A580E  Unknown               Unknown  Unknown
libpthread.so.0    00002B23EE0D4870  Unknown               Unknown  Unknown
libc.so.6          00002B23F3229273  Unknown               Unknown  Unknown
libmpi.so.12       00002B23ED87E280  Unknown               Unknown  Unknown
libmpi.so.12       00002B23ED87DBBE  Unknown               Unknown  Unknown
libmpi.so.12       00002B23ED7C3BC0  Unknown               Unknown  Unknown
libmpi.so.12       00002B23ED61403C  Unknown               Unknown  Unknown
libmpi.so.12       00002B23ED86C832  Unknown               Unknown  Unknown
libmpifort.so.12   00002B23ED28D51B  Unknown               Unknown  Unknown
lmparbin           0000000000BDA9FC  Unknown               Unknown  Unknown
lmparbin           0000000000A9E509  Unknown               Unknown  Unknown
lmparbin           0000000000C30CA5  Unknown               Unknown  Unknown
lmparbin           000000000099F7DA  Unknown               Unknown  Unknown
lmparbin           000000000040E7EE  Unknown               Unknown  Unknown
libc.so.6          00002B23F316CB25  Unknown               Unknown  Unknown
lmparbin           000000000040E6F9  Unknown               Unknown  Unknown
